<?xml version="1.0" encoding="UTF-8"?>
<testng-results skipped="0" failed="0" total="1" passed="1">
  <reporter-output>
  </reporter-output>
  <suite name="Suite" duration-ms="9623" started-at="2018-07-27T08:31:44Z" finished-at="2018-07-27T08:31:53Z">
    <groups>
    </groups>
    <test name="Test" duration-ms="9623" started-at="2018-07-27T08:31:44Z" finished-at="2018-07-27T08:31:53Z">
      <class name="GitGroup.GitArt.google">
        <test-method status="PASS" signature="f()[pri:0, instance:GitGroup.GitArt.google@6be46e8f]" name="f" duration-ms="9607" started-at="2018-07-27T14:01:44Z" finished-at="2018-07-27T14:01:53Z">
          <reporter-output>
          </reporter-output>
        </test-method> <!-- f -->
      </class> <!-- GitGroup.GitArt.google -->
    </test> <!-- Test -->
  </suite> <!-- Suite -->
</testng-results>
