<?xml version="1.0" encoding="UTF-8"?>
<testng-results skipped="0" failed="0" total="1" passed="1">
  <reporter-output>
  </reporter-output>
  <suite name="Suite" duration-ms="15344" started-at="2018-07-27T05:13:22Z" finished-at="2018-07-27T05:13:37Z">
    <groups>
    </groups>
    <test name="Test" duration-ms="15344" started-at="2018-07-27T05:13:22Z" finished-at="2018-07-27T05:13:37Z">
      <class name="GitGroup.GitArt.google">
        <test-method status="PASS" signature="f()[pri:0, instance:GitGroup.GitArt.google@6d4b1c02]" name="f" duration-ms="15329" started-at="2018-07-27T10:43:22Z" finished-at="2018-07-27T10:43:37Z">
          <reporter-output>
          </reporter-output>
        </test-method> <!-- f -->
      </class> <!-- GitGroup.GitArt.google -->
    </test> <!-- Test -->
  </suite> <!-- Suite -->
</testng-results>
